<?xml version="1.0" encoding="UTF-8"?>
<persistence xmlns="http://java.sun.com/xml/ns/persistence"
             xmlns:xsi="http://www.w3.org/2001/XMLSchema-instance"
             xsi:schemaLocation="http://java.sun.com/xml/ns/persistence http://java.sun.com/xml/ns/persistence/persistence_2_0.xsd"
             version="2.0">

<persistence-unit name="activityPU" transaction-type="JTA">
    <provider>org.hibernate.jpa.HibernatePersistenceProvider</provider>
    <jta-data-source>java:jboss/datasources/uvms_activity</jta-data-source>
    <properties>
        <property name="hibernate.dialect" value="org.hibernate.spatial.dialect.postgis.PostgisDialect"/>
        <property name="hibernate.default_schema" value="activity"/>
        <property name="show_sql" value="false" />
        <property name="format_sql" value="false" />
        <property name="use_sql_comments" value="true" />
        <property name="hibernate.ejb.naming_strategy" value="org.hibernate.cfg.DefaultComponentSafeNamingStrategy"/>
    </properties>

</persistence-unit>

</persistence>

